{"level":"warn","message":{"descripcion":"ruta /favicon.ico método GET  no implementada","error":-2}}
{"code":"EAUTH","command":"AUTH PLAIN","level":"error","response":"535-5.7.8 Username and Password not accepted. Learn more at\n535 5.7.8  https://support.google.com/mail/?p=BadCredentials 2-20020aca0602000000b0036508145326sm9861922oig.9 - gsmtp","responseCode":535}
{"code":"EAUTH","command":"AUTH PLAIN","level":"error","response":"535 Authentication failed","responseCode":535}
{"level":"warn","message":{"descripcion":"ruta /favicon.ico método GET  no implementada","error":-2}}
{"level":"warn","message":{"descripcion":"ruta /graphql método GET  no implementada","error":-2}}
{"level":"warn","message":{"descripcion":"ruta /favicon.ico método GET  no implementada","error":-2}}
{"code":"EAUTH","command":"AUTH PLAIN","level":"error","response":"535 Authentication failed","responseCode":535}
{"code":"EAUTH","command":"AUTH PLAIN","level":"error","response":"535 Authentication failed","responseCode":535}
{"code":"EAUTH","command":"AUTH PLAIN","level":"error","response":"535 Authentication failed","responseCode":535}
{"code":"EAUTH","command":"AUTH PLAIN","level":"error","response":"535 Authentication failed","responseCode":535}
{"level":"warn","message":{"descripcion":"ruta /favicon.ico método GET  no implementada","error":-2}}
{"level":"warn","message":{"descripcion":"ruta /favicon.ico método GET  no implementada","error":-2}}
{"level":"warn","message":{"descripcion":"ruta /logout método GET  no implementada","error":-2}}
{"code":"EAUTH","command":"AUTH PLAIN","level":"error","response":"535 Authentication failed","responseCode":535}
{"level":"warn","message":{"descripcion":"ruta /user/ método POST  no implementada","error":-2}}
{"level":"warn","message":{"descripcion":"ruta /user/ método POST  no implementada","error":-2}}
{"level":"warn","message":{"descripcion":"ruta /user/ método POST  no implementada","error":-2}}
{"level":"warn","message":{"descripcion":"ruta /carrito/63db0b518f9fa4a6f9750e48/update método POST  no implementada","error":-2}}
{"level":"warn","message":{"descripcion":"ruta /carrito/63db0b518f9fa4a6f9750e48/update método POST  no implementada","error":-2}}
{"code":"EAUTH","command":"AUTH PLAIN","level":"error","response":"535-5.7.8 Username and Password not accepted. Learn more at\n535 5.7.8  https://support.google.com/mail/?p=BadCredentials n127-20020acaef85000000b00364e8f85c08sm1201422oih.21 - gsmtp","responseCode":535}
{"code":"EAUTH","command":"AUTH PLAIN","level":"error","response":"535-5.7.8 Username and Password not accepted. Learn more at\n535 5.7.8  https://support.google.com/mail/?p=BadCredentials o124-20020acad782000000b0036e9160f57csm1204698oig.20 - gsmtp","responseCode":535}
{"level":"warn","message":{"descripcion":"ruta /registro método POST  no implementada","error":-2}}
{"code":"EAUTH","command":"AUTH PLAIN","level":"error","response":"535 Authentication failed","responseCode":535}
{"code":"EAUTH","command":"AUTH PLAIN","level":"error","response":"535 Authentication failed","responseCode":535}
{"level":"warn","message":{"descripcion":"ruta /usuarios/63f3a9409e833cf4b65024eb método PUT  no implementada","error":-2}}
{"level":"warn","message":{"descripcion":"ruta /carrito/63db0b518f9fa4a6f9750e48 método GET  no implementada","error":-2}}
{"level":"warn","message":{"descripcion":"ruta /favicon.ico método GET  no implementada","error":-2}}
{"code":"EAUTH","command":"AUTH PLAIN","level":"error","response":"535-5.7.8 Username and Password not accepted. Learn more at\n535 5.7.8  https://support.google.com/mail/?p=BadCredentials b132-20020aca348a000000b0037b6f5d6309sm5270860oia.2 - gsmtp","responseCode":535}
