{"level":"warn","message":{"descripcion":"ruta /favicon.ico método GET  no implementada","error":-2}}
{"level":"warn","message":{"descripcion":"ruta /public/javascripts/carrito.js método GET  no implementada","error":-2}}
{"level":"warn","message":{"descripcion":"ruta /favicon.ico método GET  no implementada","error":-2}}
{"level":"warn","message":{"descripcion":"ruta /favicon.ico método GET  no implementada","error":-2}}
{"level":"warn","message":{"descripcion":"ruta /daos/index método GET  no implementada","error":-2}}
{"level":"warn","message":{"descripcion":"ruta /daos/index.js método GET  no implementada","error":-2}}
{"level":"warn","message":{"descripcion":"ruta /daos/index.js método GET  no implementada","error":-2}}
{"level":"warn","message":{"descripcion":"ruta /daos/index método GET  no implementada","error":-2}}
{"level":"warn","message":{"descripcion":"ruta /favicon.ico método GET  no implementada","error":-2}}
{"level":"warn","message":{"descripcion":"ruta /carrito/63aa88f27eabd9d41a30a197/update método GET  no implementada","error":-2}}
{"level":"error"}
{"level":"error"}
{"level":"error"}
{"level":"error"}
{"level":"warn","message":{"descripcion":"ruta /carrito/63aa88f27eabd9d41a30a197/update método GET  no implementada","error":-2}}
{"level":"error"}
{"level":"error"}
{"level":"warn","message":{"descripcion":"ruta /favicon.ico método GET  no implementada","error":-2}}
{"level":"warn","message":{"descripcion":"ruta /carrito método GET  no implementada","error":-2}}
{"level":"error"}
{"level":"warn","message":{"descripcion":"ruta /carrito/comprar método GET  no implementada","error":-2}}
{"level":"warn","message":{"descripcion":"ruta /carrito/comprar método GET  no implementada","error":-2}}
{"code":"EAUTH","command":"AUTH PLAIN","level":"error","response":"535-5.7.8 Username and Password not accepted. Learn more at\n535 5.7.8  https://support.google.com/mail/?p=BadCredentials g21-20020a9d6b15000000b0067083710028sm7214904otp.36 - gsmtp","responseCode":535}
{"code":"EAUTH","command":"AUTH PLAIN","level":"error","response":"535-5.7.8 Username and Password not accepted. Learn more at\n535 5.7.8  https://support.google.com/mail/?p=BadCredentials m2-20020a4add02000000b004a3d98b2ccdsm5981305oou.42 - gsmtp","responseCode":535}
{"code":"ESOCKET","command":"CONN","level":"error"}
{"code":"ESOCKET","command":"CONN","level":"error"}
{"code":"EAUTH","command":"AUTH PLAIN","level":"error","response":"535-5.7.8 Username and Password not accepted. Learn more at\n535 5.7.8  https://support.google.com/mail/?p=BadCredentials o129-20020a4a2c87000000b004d1d34f0267sm3441787ooo.40 - gsmtp","responseCode":535}
{"code":"EAUTH","command":"AUTH PLAIN","level":"error","response":"535-5.7.8 Username and Password not accepted. Learn more at\n535 5.7.8  https://support.google.com/mail/?p=BadCredentials q43-20020a056830442b00b006393ea22c1csm7313474otv.16 - gsmtp","responseCode":535}
{"code":"EAUTH","command":"AUTH PLAIN","level":"error","response":"535-5.7.8 Username and Password not accepted. Learn more at\n535 5.7.8  https://support.google.com/mail/?p=BadCredentials f18-20020a05680814d200b003544822f725sm6537181oiw.8 - gsmtp","responseCode":535}
{"code":"EAUTH","command":"AUTH PLAIN","level":"error","response":"535-5.7.8 Username and Password not accepted. Learn more at\n535 5.7.8  https://support.google.com/mail/?p=BadCredentials cc10-20020a05683061ca00b0067079fc1ac9sm7503908otb.44 - gsmtp","responseCode":535}
{"code":"EAUTH","command":"AUTH PLAIN","level":"error","response":"535-5.7.8 Username and Password not accepted. Learn more at\n535 5.7.8  https://support.google.com/mail/?p=BadCredentials b16-20020a056870471000b0010c727a3c79sm6834057oaq.26 - gsmtp","responseCode":535}
{"code":"EAUTH","command":"AUTH PLAIN","level":"error","response":"535-5.7.8 Username and Password not accepted. Learn more at\n535 5.7.8  https://support.google.com/mail/?p=BadCredentials w2-20020a056808140200b003458d346a60sm6525058oiv.25 - gsmtp","responseCode":535}
{"code":"ESOCKET","command":"CONN","level":"error"}
{"code":"ESOCKET","command":"CONN","level":"error"}
